Arguments: 
  C:\Program Files\nodejs\node.exe C:\Program Files (x86)\Yarn\bin\yarn.js add nodemon moongose express

PATH: 
  C:\Program Files (x86)\Common Files\Oracle\Java\javapath;C:\WINDOWS\system32;C:\WINDOWS;C:\WINDOWS\System32\Wbem;C:\WINDOWS\System32\WindowsPowerShell\v1.0\;C:\WINDOWS\System32\OpenSSH\;C:\Program Files\Microsoft SQL Server\Client SDK\ODBC\130\Tools\Binn\;C:\Program Files (x86)\Microsoft SQL Server\140\Tools\Binn\;C:\Program Files\Microsoft SQL Server\140\Tools\Binn\;C:\Program Files\Microsoft SQL Server\140\DTS\Binn\;C:\Program Files\Microsoft SQL Server\120\Tools\Binn\;C:\Program Files\dotnet\;C:\Program Files\Microsoft SQL Server\130\Tools\Binn\;C:\Program Files\Microsoft SQL Server\110\Tools\Binn\;C:\xampp\php;C:\Program Files\Symfony;C:\Go\bin;C:\Program Files (x86)\Yarn\bin\;C:\xampp3\php;C:\composer;C:\ProgramData\chocolatey\bin;C:\Program Files\nodejs\;C:\Program Files\OpenJDK\openjdk-8u262-b10\bin;C:\Users\TZTK\AppData\Local\Android\Sdk\platform-tools;C:\Program Files\Git\cmd;C:\Program Files\Git\mingw64\bin;C:\Program Files\Git\usr\bin;C:\Program Files\Microsoft SQL Server\Client SDK\ODBC\170\Tools\Binn\;C:\Program Files (x86)\Microsoft SQL Server\150\Tools\Binn\;C:\Program Files\Microsoft SQL Server\150\Tools\Binn\;C:\Program Files\Microsoft SQL Server\150\DTS\Binn\;C:\Program Files (x86)\Microsoft SQL Server\150\DTS\Binn\;C:\Program Files\Azure Data Studio\bin;C:\Users\TZTK\anaconda3;C:\Users\TZTK\anaconda3\Library\mingw-w64\bin;C:\Users\TZTK\anaconda3\Library\usr\bin;C:\Users\TZTK\anaconda3\Library\bin;C:\Users\TZTK\anaconda3\Scripts;C:\Users\TZTK\AppData\Local\Programs\Python\Python38-32\Scripts\;C:\Users\TZTK\AppData\Local\Programs\Python\Python38-32\;C:\RailsInstaller\Git\cmd;C:\RailsInstaller\Ruby2.3.3\bin;C:\Users\TZTK\AppData\Local\Microsoft\WindowsApps;C:\Users\TZTK\AppData\Roaming\Composer\vendor\bin;C:\Users\TZTK\AppData\Local\Programs\Microsoft VS Code\bin;C:\Users\TZTK\go\bin;C:\Users\TZTK\AppData\Local\Yarn\bin;C:\Program Files\MongoDB\Server\4.4\bin;C:\Users\TZTK\AppData\Roaming\npm;C:\Program Files\heroku\bin;C:\Users\TZTK\.dotnet\tools;C:\Program Files\Azure Data Studio\bin

Yarn version: 
  1.22.5

Node version: 
  14.13.1

Platform: 
  win32 x64

Trace: 
  Error: https://registry.yarnpkg.com/moongose: Not found
      at Request.params.callback [as _callback] (C:\Program Files (x86)\Yarn\lib\cli.js:66097:18)
      at Request.self.callback (C:\Program Files (x86)\Yarn\lib\cli.js:140749:22)
      at Request.emit (events.js:314:20)
      at Request.<anonymous> (C:\Program Files (x86)\Yarn\lib\cli.js:141721:10)
      at Request.emit (events.js:314:20)
      at IncomingMessage.<anonymous> (C:\Program Files (x86)\Yarn\lib\cli.js:141643:12)
      at Object.onceWrapper (events.js:420:28)
      at IncomingMessage.emit (events.js:326:22)
      at endReadableNT (_stream_readable.js:1252:12)
      at processTicksAndRejections (internal/process/task_queues.js:80:21)

npm manifest: 
  {
    "name": "pinterest-clone",
    "version": "1.0.0",
    "description": "a pinterest clone server side",
    "main": "index.js",
    "author": "Daniel Contreras",
    "license": "MIT",
    "scripts": {
      "start":"node index.js"
    }
  }

yarn manifest: 
  No manifest

Lockfile: 
  No lockfile
